  Car.cpp
D:\SFML Project\SFML_CAR\SFML_CAR\Car.cpp(27,27): warning C4305: 'argument': truncation from 'double' to 'float'
D:\SFML Project\SFML_CAR\SFML_CAR\Car.cpp(29,27): warning C4305: 'argument': truncation from 'double' to 'float'
D:\SFML Project\SFML_CAR\SFML_CAR\Car.cpp(32,25): warning C4305: 'argument': truncation from 'double' to 'float'
D:\SFML Project\SFML_CAR\SFML_CAR\Car.cpp(39,27): warning C4244: 'argument': conversion from 'T' to 'float', possible loss of data
          with
          [
              T=int
          ]
D:\SFML Project\SFML_CAR\SFML_CAR\Car.cpp(136,28): warning C4244: 'argument': conversion from 'T' to 'float', possible loss of data
          with
          [
              T=unsigned int
          ]
  Generating code
  2 of 187 functions ( 1.1%) were compiled, the rest were copied from previous compilation.
    0 functions were new in current compilation
    1 functions had inline decision re-evaluated but remain unchanged
  Finished generating code
  SFML_CAR.vcxproj -> D:\SFML Project\SFML_CAR\x64\Release\SFML_CAR.exe
